[2024-08-18 18:25:36.193 +00:00] [INF] [4] Main: Jellyfin version: "10.9.9"
[2024-08-18 18:25:36.213 +00:00] [INF] [4] Main: Environment Variables: ["[JELLYFIN_CACHE_DIR, /cache]", "[JELLYFIN_DATA_DIR, /config]", "[JELLYFIN_FFMPEG, /usr/lib/jellyfin-ffmpeg/ffmpeg]", "[JELLYFIN_CONFIG_DIR, /config/config]", "[JELLYFIN_LOG_DIR, /config/log]", "[JELLYFIN_WEB_DIR, /jellyfin/jellyfin-web]"]
[2024-08-18 18:25:36.215 +00:00] [INF] [4] Main: Arguments: ["/jellyfin/jellyfin.dll"]
[2024-08-18 18:25:36.215 +00:00] [INF] [4] Main: Operating system: "Debian GNU/Linux 12 (bookworm)"
[2024-08-18 18:25:36.215 +00:00] [INF] [4] Main: Architecture: X64
[2024-08-18 18:25:36.216 +00:00] [INF] [4] Main: 64-Bit Process: True
[2024-08-18 18:25:36.216 +00:00] [INF] [4] Main: User Interactive: True
[2024-08-18 18:25:36.216 +00:00] [INF] [4] Main: Processor count: 4
[2024-08-18 18:25:36.216 +00:00] [INF] [4] Main: Program data path: "/config"
[2024-08-18 18:25:36.216 +00:00] [INF] [4] Main: Log directory path: "/config/log"
[2024-08-18 18:25:36.216 +00:00] [INF] [4] Main: Config directory path: "/config/config"
[2024-08-18 18:25:36.216 +00:00] [INF] [4] Main: Cache path: "/cache"
[2024-08-18 18:25:36.216 +00:00] [INF] [4] Main: Web resources path: "/jellyfin/jellyfin-web"
[2024-08-18 18:25:36.216 +00:00] [INF] [4] Main: Application directory: "/jellyfin/"
[2024-08-18 18:25:36.229 +00:00] [INF] [4] Jellyfin.Server.Migrations.MigrationRunner: Marking following migrations as applied because this is a fresh install: ["CreateNetworkConfiguration", "MigrateMusicBrainzTimeout", "MigrateNetworkConfiguration"]
[2024-08-18 18:25:36.314 +00:00] [INF] [4] Emby.Server.Implementations.AppBase.BaseConfigurationManager: Setting cache path: "/cache"
[2024-08-18 18:25:36.340 +00:00] [INF] [4] Emby.Server.Implementations.ApplicationHost: Loading assemblies
[2024-08-18 18:25:36.401 +00:00] [INF] [4] Jellyfin.Networking.Manager.NetworkManager: Defined LAN subnets: ["127.0.0.1/8", "10.0.0.0/8", "172.16.0.0/12", "192.168.0.0/16"]
[2024-08-18 18:25:36.401 +00:00] [INF] [4] Jellyfin.Networking.Manager.NetworkManager: Defined LAN exclusions: []
[2024-08-18 18:25:36.401 +00:00] [INF] [4] Jellyfin.Networking.Manager.NetworkManager: Used LAN subnets: ["127.0.0.1/8", "10.0.0.0/8", "172.16.0.0/12", "192.168.0.0/16"]
[2024-08-18 18:25:36.402 +00:00] [INF] [4] Jellyfin.Networking.Manager.NetworkManager: Filtered interface addresses: ["127.0.0.1", "172.17.0.2"]
[2024-08-18 18:25:36.403 +00:00] [INF] [4] Jellyfin.Networking.Manager.NetworkManager: Bind Addresses ["0.0.0.0"]
[2024-08-18 18:25:36.403 +00:00] [INF] [4] Jellyfin.Networking.Manager.NetworkManager: Remote IP filter is "Allowlist"
[2024-08-18 18:25:36.403 +00:00] [INF] [4] Jellyfin.Networking.Manager.NetworkManager: Filtered subnets: []
[2024-08-18 18:25:37.442 +00:00] [INF] [4] Emby.Server.Implementations.ApplicationHost: There are pending EFCore migrations in the database. Applying... (This may take a while, do not stop Jellyfin)
[2024-08-18 18:25:37.987 +00:00] [WRN] [4] Microsoft.EntityFrameworkCore.Migrations: An operation of type '"SqlOperation"' will be attempted while a rebuild of table '"ImageInfos"' is pending. The database may not be in an expected state. Review the SQL generated by this migration to help diagnose any failures. Consider moving these operations to a subsequent migration.
[2024-08-18 18:25:37.987 +00:00] [WRN] [4] Microsoft.EntityFrameworkCore.Migrations: An operation of type '"SqlOperation"' will be attempted while a rebuild of table '"ImageInfos"' is pending. The database may not be in an expected state. Review the SQL generated by this migration to help diagnose any failures. Consider moving these operations to a subsequent migration.
[2024-08-18 18:25:37.989 +00:00] [WRN] [4] Microsoft.EntityFrameworkCore.Migrations: An operation of type '"SqlOperation"' will be attempted while a rebuild of table '"Permissions"' is pending. The database may not be in an expected state. Review the SQL generated by this migration to help diagnose any failures. Consider moving these operations to a subsequent migration.
[2024-08-18 18:25:37.989 +00:00] [WRN] [4] Microsoft.EntityFrameworkCore.Migrations: An operation of type '"SqlOperation"' will be attempted while a rebuild of table '"Permissions"' is pending. The database may not be in an expected state. Review the SQL generated by this migration to help diagnose any failures. Consider moving these operations to a subsequent migration.
[2024-08-18 18:25:37.990 +00:00] [WRN] [4] Microsoft.EntityFrameworkCore.Migrations: An operation of type '"SqlOperation"' will be attempted while a rebuild of table '"Preferences"' is pending. The database may not be in an expected state. Review the SQL generated by this migration to help diagnose any failures. Consider moving these operations to a subsequent migration.
[2024-08-18 18:25:37.990 +00:00] [WRN] [4] Microsoft.EntityFrameworkCore.Migrations: An operation of type '"SqlOperation"' will be attempted while a rebuild of table '"Preferences"' is pending. The database may not be in an expected state. Review the SQL generated by this migration to help diagnose any failures. Consider moving these operations to a subsequent migration.
[2024-08-18 18:25:37.991 +00:00] [WRN] [4] Microsoft.EntityFrameworkCore.Migrations: An operation of type '"SqlOperation"' will be attempted while a rebuild of table '"Users"' is pending. The database may not be in an expected state. Review the SQL generated by this migration to help diagnose any failures. Consider moving these operations to a subsequent migration.
[2024-08-18 18:25:37.991 +00:00] [WRN] [4] Microsoft.EntityFrameworkCore.Migrations: An operation of type '"SqlOperation"' will be attempted while a rebuild of table '"Users"' is pending. The database may not be in an expected state. Review the SQL generated by this migration to help diagnose any failures. Consider moving these operations to a subsequent migration.
[2024-08-18 18:25:38.318 +00:00] [INF] [4] Emby.Server.Implementations.ApplicationHost: EFCore migrations applied successfully
[2024-08-18 18:25:38.824 +00:00] [INF] [4] Emby.Server.Implementations.AppBase.BaseConfigurationManager: Saving system configuration
[2024-08-18 18:25:38.829 +00:00] [INF] [4] Emby.Server.Implementations.AppBase.BaseConfigurationManager: Setting cache path: "/cache"
[2024-08-18 18:25:38.834 +00:00] [INF] [4] Emby.Server.Implementations.Plugins.PluginManager: Loaded plugin: "TMDb" "10.9.9.0"
[2024-08-18 18:25:38.835 +00:00] [INF] [4] Emby.Server.Implementations.Plugins.PluginManager: Loaded plugin: "Studio Images" "10.9.9.0"
[2024-08-18 18:25:38.835 +00:00] [INF] [4] Emby.Server.Implementations.Plugins.PluginManager: Loaded plugin: "OMDb" "10.9.9.0"
[2024-08-18 18:25:38.852 +00:00] [INF] [4] Emby.Server.Implementations.Plugins.PluginManager: Loaded plugin: "MusicBrainz" "10.9.9.0"
[2024-08-18 18:25:38.852 +00:00] [INF] [4] Emby.Server.Implementations.Plugins.PluginManager: Loaded plugin: "AudioDB" "10.9.9.0"
[2024-08-18 18:25:38.904 +00:00] [INF] [4] Jellyfin.Server.Migrations.MigrationRunner: Marking following migrations as applied because this is a fresh install: ["DisableTranscodingThrottling", "CreateLoggingConfigHeirarchy", "MigrateActivityLogDatabase", "RemoveDuplicateExtras", "MigrateUserDatabase", "MigrateDisplayPreferencesDatabase", "RemoveDownloadImagesInAdvance", "MigrateAuthenticationDatabase", "FixPlaylistOwner", "MigrateRatingLevels", "FixAudioData"]
[2024-08-18 18:25:38.910 +00:00] [INF] [4] Jellyfin.Server.Migrations.MigrationRunner: Applying migration '"AddDefaultPluginRepository"'
[2024-08-18 18:25:38.911 +00:00] [INF] [4] Emby.Server.Implementations.AppBase.BaseConfigurationManager: Saving system configuration
[2024-08-18 18:25:38.917 +00:00] [INF] [4] Emby.Server.Implementations.AppBase.BaseConfigurationManager: Setting cache path: "/cache"
[2024-08-18 18:25:38.917 +00:00] [INF] [4] Jellyfin.Server.Migrations.MigrationRunner: Migration '"AddDefaultPluginRepository"' applied successfully
[2024-08-18 18:25:38.918 +00:00] [INF] [4] Jellyfin.Server.Migrations.MigrationRunner: Applying migration '"ReaddDefaultPluginRepository"'
[2024-08-18 18:25:38.918 +00:00] [INF] [4] Jellyfin.Server.Migrations.MigrationRunner: Migration '"ReaddDefaultPluginRepository"' applied successfully
[2024-08-18 18:25:38.921 +00:00] [INF] [4] Jellyfin.Server.Migrations.MigrationRunner: Applying migration '"AddDefaultCastReceivers"'
[2024-08-18 18:25:38.922 +00:00] [INF] [4] Emby.Server.Implementations.AppBase.BaseConfigurationManager: Saving system configuration
[2024-08-18 18:25:38.927 +00:00] [INF] [4] Emby.Server.Implementations.AppBase.BaseConfigurationManager: Setting cache path: "/cache"
[2024-08-18 18:25:38.927 +00:00] [INF] [4] Jellyfin.Server.Migrations.MigrationRunner: Migration '"AddDefaultCastReceivers"' applied successfully
[2024-08-18 18:25:38.929 +00:00] [INF] [4] Jellyfin.Server.Migrations.MigrationRunner: Applying migration '"UpdateDefaultPluginRepository10.9"'
[2024-08-18 18:25:38.929 +00:00] [INF] [4] Emby.Server.Implementations.AppBase.BaseConfigurationManager: Saving system configuration
[2024-08-18 18:25:38.931 +00:00] [INF] [4] Emby.Server.Implementations.AppBase.BaseConfigurationManager: Setting cache path: "/cache"
[2024-08-18 18:25:38.931 +00:00] [INF] [4] Jellyfin.Server.Migrations.MigrationRunner: Migration '"UpdateDefaultPluginRepository10.9"' applied successfully
[2024-08-18 18:25:38.973 +00:00] [INF] [4] Main: Kestrel is listening on "0.0.0.0"
[2024-08-18 18:25:39.005 +00:00] [WRN] [4] Microsoft.AspNetCore.DataProtection.KeyManagement.XmlKeyManager: No XML encryptor configured. Key {dcbf6c68-fe69-42bd-b254-0d12a092aa43} may be persisted to storage in unencrypted form.
[2024-08-18 18:25:39.493 +00:00] [WRN] [4] Microsoft.AspNetCore.StaticFiles.StaticFileMiddleware: The WebRootPath was not found: "/wwwroot". Static files may be unavailable.
[2024-08-18 18:25:39.563 +00:00] [INF] [4] Emby.Server.Implementations.ApplicationHost: Running startup tasks
[2024-08-18 18:25:39.586 +00:00] [INF] [4] Emby.Server.Implementations.ScheduledTasks.TaskManager: Daily trigger for "Generate Trickplay Images" set to fire at 2024-08-19 03:00:00.000 +00:00, which is 08:34:20.4137978 from now.
[2024-08-18 18:25:39.589 +00:00] [INF] [4] Emby.Server.Implementations.ScheduledTasks.TaskManager: Daily trigger for "Extract Chapter Images" set to fire at 2024-08-19 02:00:00.000 +00:00, which is 07:34:20.4107230 from now.
[2024-08-18 18:25:39.625 +00:00] [INF] [4] MediaBrowser.MediaEncoding.Encoder.MediaEncoder: Found ffmpeg version "6.0.1"
[2024-08-18 18:25:39.679 +00:00] [INF] [4] MediaBrowser.MediaEncoding.Encoder.MediaEncoder: Available "decoders": ["libdav1d", "av1", "av1_cuvid", "av1_qsv", "h264", "h264_qsv", "h264_cuvid", "hevc", "hevc_qsv", "hevc_cuvid", "mpeg2video", "mpeg2_qsv", "mpeg2_cuvid", "mpeg4", "mpeg4_cuvid", "msmpeg4", "vc1_qsv", "vc1_cuvid", "vp8", "libvpx", "vp8_cuvid", "vp8_qsv", "vp9", "libvpx-vp9", "vp9_cuvid", "vp9_qsv", "aac", "ac3", "dca", "flac", "mp3", "truehd"]
[2024-08-18 18:25:39.702 +00:00] [INF] [4] MediaBrowser.MediaEncoding.Encoder.MediaEncoder: Available "encoders": ["libsvtav1", "av1_nvenc", "av1_qsv", "av1_amf", "av1_vaapi", "libx264", "h264_amf", "h264_nvenc", "h264_qsv", "h264_v4l2m2m", "h264_vaapi", "libx265", "hevc_amf", "hevc_nvenc", "hevc_qsv", "hevc_vaapi", "mjpeg_qsv", "mjpeg_vaapi", "mpeg4", "msmpeg4", "libvpx", "libvpx-vp9", "aac", "libfdk_aac", "ac3", "alac", "dca", "flac", "libmp3lame", "libopus", "truehd", "libvorbis", "srt"]
[2024-08-18 18:25:39.728 +00:00] [INF] [4] MediaBrowser.MediaEncoding.Encoder.MediaEncoder: Available filters: ["deinterlace_qsv", "deinterlace_vaapi", "hwupload_cuda", "hwupload_vaapi", "libplacebo", "overlay_opencl", "overlay_qsv", "overlay_vaapi", "overlay_vulkan", "overlay_cuda", "procamp_vaapi", "scale_cuda", "scale_opencl", "scale_qsv", "scale_vaapi", "scale_vulkan", "tonemap_cuda", "tonemap_opencl", "tonemap_vaapi", "vpp_qsv", "yadif_cuda", "zscale", "alphasrc"]
[2024-08-18 18:25:39.871 +00:00] [INF] [4] MediaBrowser.MediaEncoding.Encoder.MediaEncoder: Available hwaccel types: ["cuda", "vaapi", "qsv", "drm", "opencl", "vulkan"]
[2024-08-18 18:25:40.058 +00:00] [INF] [11] Jellyfin.Api.Auth.CustomAuthenticationHandler: "CustomAuthentication" was not authenticated. Failure message: "Invalid token."
[2024-08-18 18:25:40.070 +00:00] [INF] [11] Jellyfin.Api.Auth.CustomAuthenticationHandler: "CustomAuthentication" was not authenticated. Failure message: "Invalid token."
[2024-08-18 18:25:40.075 +00:00] [INF] [11] Jellyfin.Api.Auth.CustomAuthenticationHandler: AuthenticationScheme: "CustomAuthentication" was challenged.
[2024-08-18 18:25:40.379 +00:00] [INF] [4] MediaBrowser.MediaEncoding.Encoder.MediaEncoder: FFmpeg: "/usr/lib/jellyfin-ffmpeg/ffmpeg"
[2024-08-18 18:25:40.385 +00:00] [INF] [4] Emby.Server.Implementations.ApplicationHost: ServerId: "a36848188ff24838a37f479f86090a73"
[2024-08-18 18:25:40.385 +00:00] [INF] [4] Emby.Server.Implementations.ApplicationHost: Core startup complete
[2024-08-18 18:25:40.385 +00:00] [INF] [4] Main: Startup complete 0:00:04.3711241
[2024-08-18 18:25:41.309 +00:00] [INF] [4] Jellyfin.Api.Auth.CustomAuthenticationHandler: "CustomAuthentication" was not authenticated. Failure message: "Invalid token."
[2024-08-18 18:25:41.311 +00:00] [INF] [4] Jellyfin.Api.Auth.CustomAuthenticationHandler: "CustomAuthentication" was not authenticated. Failure message: "Invalid token."
[2024-08-18 18:25:41.312 +00:00] [INF] [4] Jellyfin.Api.Auth.CustomAuthenticationHandler: AuthenticationScheme: "CustomAuthentication" was challenged.
[2024-08-18 18:25:42.604 +00:00] [INF] [4] Emby.Server.Implementations.ScheduledTasks.TaskManager: "Clean up collections and playlists" Completed after 0 minute(s) and 0 seconds
[2024-08-18 18:25:44.279 +00:00] [INF] [6] Jellyfin.Api.Auth.CustomAuthenticationHandler: "CustomAuthentication" was not authenticated. Failure message: "Invalid token."
[2024-08-18 18:25:44.281 +00:00] [INF] [6] Jellyfin.Api.Auth.CustomAuthenticationHandler: "CustomAuthentication" was not authenticated. Failure message: "Invalid token."
[2024-08-18 18:25:44.281 +00:00] [INF] [6] Jellyfin.Api.Auth.CustomAuthenticationHandler: AuthenticationScheme: "CustomAuthentication" was challenged.
[2024-08-18 18:25:46.279 +00:00] [INF] [4] Jellyfin.Api.Auth.CustomAuthenticationHandler: "CustomAuthentication" was not authenticated. Failure message: "Invalid token."
[2024-08-18 18:25:46.279 +00:00] [INF] [4] Jellyfin.Api.Auth.CustomAuthenticationHandler: "CustomAuthentication" was not authenticated. Failure message: "Invalid token."
[2024-08-18 18:25:46.280 +00:00] [INF] [4] Jellyfin.Api.Auth.CustomAuthenticationHandler: AuthenticationScheme: "CustomAuthentication" was challenged.
[2024-08-18 18:25:49.278 +00:00] [INF] [16] Jellyfin.Api.Auth.CustomAuthenticationHandler: "CustomAuthentication" was not authenticated. Failure message: "Invalid token."
[2024-08-18 18:25:49.279 +00:00] [INF] [16] Jellyfin.Api.Auth.CustomAuthenticationHandler: "CustomAuthentication" was not authenticated. Failure message: "Invalid token."
[2024-08-18 18:25:49.279 +00:00] [INF] [16] Jellyfin.Api.Auth.CustomAuthenticationHandler: AuthenticationScheme: "CustomAuthentication" was challenged.
[2024-08-18 18:25:49.378 +00:00] [INF] [4] Emby.Server.Implementations.ScheduledTasks.TaskManager: "Update Plugins" Completed after 0 minute(s) and 6 seconds
[2024-08-18 18:25:49.909 +00:00] [INF] [4] Jellyfin.Api.Auth.CustomAuthenticationHandler: "CustomAuthentication" was not authenticated. Failure message: "Invalid token."
[2024-08-18 18:25:49.910 +00:00] [INF] [4] Jellyfin.Api.Auth.CustomAuthenticationHandler: "CustomAuthentication" was not authenticated. Failure message: "Invalid token."
[2024-08-18 18:25:49.910 +00:00] [INF] [4] Jellyfin.Api.Auth.CustomAuthenticationHandler: AuthenticationScheme: "CustomAuthentication" was challenged.
[2024-08-18 18:25:49.912 +00:00] [INF] [16] Jellyfin.Api.Auth.CustomAuthenticationHandler: "CustomAuthentication" was not authenticated. Failure message: "Invalid token."
[2024-08-18 18:25:49.912 +00:00] [INF] [16] Jellyfin.Api.Auth.CustomAuthenticationHandler: "CustomAuthentication" was not authenticated. Failure message: "Invalid token."
[2024-08-18 18:25:49.913 +00:00] [INF] [16] Jellyfin.Api.Auth.CustomAuthenticationHandler: AuthenticationScheme: "CustomAuthentication" was challenged.
[2024-08-18 18:25:49.917 +00:00] [INF] [6] Jellyfin.Api.Auth.CustomAuthenticationHandler: "CustomAuthentication" was not authenticated. Failure message: "Invalid token."
[2024-08-18 18:25:49.917 +00:00] [INF] [6] Jellyfin.Api.Auth.CustomAuthenticationHandler: "CustomAuthentication" was not authenticated. Failure message: "Invalid token."
[2024-08-18 18:25:49.917 +00:00] [INF] [6] Jellyfin.Api.Auth.CustomAuthenticationHandler: AuthenticationScheme: "CustomAuthentication" was challenged.
[2024-08-18 18:25:49.928 +00:00] [INF] [11] Jellyfin.Api.Auth.CustomAuthenticationHandler: "CustomAuthentication" was not authenticated. Failure message: "Invalid token."
[2024-08-18 18:25:49.933 +00:00] [ERR] [11] Jellyfin.Api.Middleware.ExceptionMiddleware: Error processing request: "Invalid token". URL "GET" "/socket".
[2024-08-18 18:25:50.507 +00:00] [INF] [6] Jellyfin.Api.Auth.CustomAuthenticationHandler: "CustomAuthentication" was not authenticated. Failure message: "Invalid token."
[2024-08-18 18:25:50.507 +00:00] [INF] [6] Jellyfin.Api.Auth.CustomAuthenticationHandler: "CustomAuthentication" was not authenticated. Failure message: "Invalid token."
[2024-08-18 18:25:50.508 +00:00] [INF] [6] Jellyfin.Api.Auth.CustomAuthenticationHandler: AuthenticationScheme: "CustomAuthentication" was challenged.
[2024-08-18 18:25:50.510 +00:00] [INF] [4] Jellyfin.Api.Auth.CustomAuthenticationHandler: "CustomAuthentication" was not authenticated. Failure message: "Invalid token."
[2024-08-18 18:25:50.510 +00:00] [INF] [4] Jellyfin.Api.Auth.CustomAuthenticationHandler: "CustomAuthentication" was not authenticated. Failure message: "Invalid token."
[2024-08-18 18:25:50.510 +00:00] [INF] [4] Jellyfin.Api.Auth.CustomAuthenticationHandler: AuthenticationScheme: "CustomAuthentication" was challenged.
[2024-08-18 18:25:50.511 +00:00] [INF] [16] Jellyfin.Api.Auth.CustomAuthenticationHandler: "CustomAuthentication" was not authenticated. Failure message: "Invalid token."
[2024-08-18 18:25:50.512 +00:00] [INF] [16] Jellyfin.Api.Auth.CustomAuthenticationHandler: "CustomAuthentication" was not authenticated. Failure message: "Invalid token."
[2024-08-18 18:25:50.512 +00:00] [INF] [16] Jellyfin.Api.Auth.CustomAuthenticationHandler: AuthenticationScheme: "CustomAuthentication" was challenged.
[2024-08-18 18:25:50.513 +00:00] [INF] [16] Jellyfin.Api.Auth.CustomAuthenticationHandler: "CustomAuthentication" was not authenticated. Failure message: "Invalid token."
[2024-08-18 18:25:50.513 +00:00] [INF] [16] Jellyfin.Api.Auth.CustomAuthenticationHandler: "CustomAuthentication" was not authenticated. Failure message: "Invalid token."
[2024-08-18 18:25:50.513 +00:00] [INF] [16] Jellyfin.Api.Auth.CustomAuthenticationHandler: AuthenticationScheme: "CustomAuthentication" was challenged.
[2024-08-18 18:25:50.515 +00:00] [INF] [16] Jellyfin.Api.Auth.CustomAuthenticationHandler: "CustomAuthentication" was not authenticated. Failure message: "Invalid token."
[2024-08-18 18:25:50.515 +00:00] [INF] [16] Jellyfin.Api.Auth.CustomAuthenticationHandler: "CustomAuthentication" was not authenticated. Failure message: "Invalid token."
[2024-08-18 18:25:50.515 +00:00] [INF] [16] Jellyfin.Api.Auth.CustomAuthenticationHandler: AuthenticationScheme: "CustomAuthentication" was challenged.
[2024-08-18 18:25:51.244 +00:00] [INF] [11] Jellyfin.Api.Auth.CustomAuthenticationHandler: "CustomAuthentication" was not authenticated. Failure message: "Invalid token."
[2024-08-18 18:25:51.244 +00:00] [INF] [11] Jellyfin.Api.Auth.CustomAuthenticationHandler: "CustomAuthentication" was not authenticated. Failure message: "Invalid token."
[2024-08-18 18:25:51.244 +00:00] [INF] [4] Jellyfin.Api.Auth.CustomAuthenticationHandler: "CustomAuthentication" was not authenticated. Failure message: "Invalid token."
[2024-08-18 18:25:51.244 +00:00] [INF] [11] Jellyfin.Api.Auth.CustomAuthenticationHandler: AuthenticationScheme: "CustomAuthentication" was challenged.
[2024-08-18 18:25:51.246 +00:00] [ERR] [4] Jellyfin.Api.Middleware.ExceptionMiddleware: Error processing request: "Invalid token". URL "GET" "/socket".
[2024-08-18 18:25:51.880 +00:00] [INF] [11] Jellyfin.Api.Auth.CustomAuthenticationHandler: "CustomAuthentication" was not authenticated. Failure message: "Invalid token."
[2024-08-18 18:25:51.881 +00:00] [INF] [11] Jellyfin.Api.Auth.CustomAuthenticationHandler: "CustomAuthentication" was not authenticated. Failure message: "Invalid token."
[2024-08-18 18:25:51.881 +00:00] [INF] [11] Jellyfin.Api.Auth.CustomAuthenticationHandler: AuthenticationScheme: "CustomAuthentication" was challenged.
[2024-08-18 18:32:30.558 +00:00] [INF] [32] Emby.Server.Implementations.AppBase.BaseConfigurationManager: Saving system configuration
[2024-08-18 18:32:30.566 +00:00] [INF] [32] Emby.Server.Implementations.AppBase.BaseConfigurationManager: Setting cache path: "/cache"
[2024-08-18 18:32:30.567 +00:00] [INF] [36] Jellyfin.Networking.PortForwardingHost: Stopping NAT discovery
[2024-08-18 18:32:30.596 +00:00] [WRN] [32] Jellyfin.Server.Implementations.Users.UserManager: No users, creating one with username "root"
[2024-08-18 18:32:52.263 +00:00] [INF] [33] Emby.Server.Implementations.AppBase.BaseConfigurationManager: Saving system configuration
[2024-08-18 18:32:52.267 +00:00] [INF] [33] Emby.Server.Implementations.AppBase.BaseConfigurationManager: Setting cache path: "/cache"
[2024-08-18 18:32:53.969 +00:00] [INF] [32] Jellyfin.Networking.Manager.NetworkManager: Defined LAN subnets: ["127.0.0.1/8", "10.0.0.0/8", "172.16.0.0/12", "192.168.0.0/16"]
[2024-08-18 18:32:53.969 +00:00] [INF] [32] Jellyfin.Networking.Manager.NetworkManager: Defined LAN exclusions: []
[2024-08-18 18:32:53.969 +00:00] [INF] [32] Jellyfin.Networking.Manager.NetworkManager: Used LAN subnets: ["127.0.0.1/8", "10.0.0.0/8", "172.16.0.0/12", "192.168.0.0/16"]
[2024-08-18 18:32:53.969 +00:00] [INF] [32] Jellyfin.Networking.Manager.NetworkManager: Filtered interface addresses: ["127.0.0.1", "172.17.0.2"]
[2024-08-18 18:32:53.969 +00:00] [INF] [32] Jellyfin.Networking.Manager.NetworkManager: Bind Addresses ["0.0.0.0"]
[2024-08-18 18:32:53.969 +00:00] [INF] [32] Jellyfin.Networking.Manager.NetworkManager: Remote IP filter is "Allowlist"
[2024-08-18 18:32:53.969 +00:00] [INF] [32] Jellyfin.Networking.Manager.NetworkManager: Filtered subnets: []
[2024-08-18 18:32:55.043 +00:00] [INF] [37] Emby.Server.Implementations.AppBase.BaseConfigurationManager: Saving system configuration
[2024-08-18 18:32:55.048 +00:00] [INF] [37] Emby.Server.Implementations.AppBase.BaseConfigurationManager: Setting cache path: "/cache"
[2024-08-18 18:32:55.052 +00:00] [INF] [37] Emby.Server.Implementations.Library.LibraryManager: Validating media library
[2024-08-18 18:32:55.286 +00:00] [WRN] [37] MediaBrowser.Controller.Entities.BaseItem: Library folder "/config/data/playlists" is inaccessible or empty, skipping
[2024-08-18 18:32:55.382 +00:00] [WRN] [37] MediaBrowser.Controller.Entities.BaseItem: Library folder "/config/data/playlists" is inaccessible or empty, skipping
[2024-08-18 18:32:55.480 +00:00] [INF] [34] MediaBrowser.MediaEncoding.Encoder.MediaEncoder: Starting "/usr/lib/jellyfin-ffmpeg/ffprobe" with args "-analyzeduration 200M -probesize 1G -i file:\"/media/video.mp4.mp4\" -threads 0 -v warning -print_format json -show_streams -show_chapters -show_format"
[2024-08-18 18:32:56.132 +00:00] [INF] [33] Emby.Server.Implementations.ScheduledTasks.TaskManager: "Scan Media Library" Completed after 0 minute(s) and 1 seconds
[2024-08-18 18:32:56.167 +00:00] [INF] [29] Emby.Server.Implementations.IO.LibraryMonitor: Watching directory "/media"
[2024-08-18 18:33:01.931 +00:00] [INF] [29] Jellyfin.Server.Implementations.Users.UserManager: Authentication request for "root" has succeeded.
[2024-08-18 18:33:01.932 +00:00] [INF] [29] Emby.Server.Implementations.Session.SessionManager: Current/Max sessions for user "root": 0/0
[2024-08-18 18:33:01.934 +00:00] [INF] [29] Emby.Server.Implementations.Session.SessionManager: Creating new access token for user 30118103-6d9b-47c3-9593-eba238d1af47
[2024-08-18 18:33:02.188 +00:00] [INF] [34] Emby.Server.Implementations.HttpServer.WebSocketManager: WS "192.168.1.9" request
[2024-08-18 18:33:25.380 +00:00] [INF] [37] Jellyfin.Api.Helpers.MediaInfoHelper: User policy for "root". EnablePlaybackRemuxing: True EnableVideoPlaybackTranscoding: True EnableAudioPlaybackTranscoding: True
[2024-08-18 18:35:50.196 +00:00] [INF] [12] Emby.Server.Implementations.Session.SessionWebSocketListener: Sending ForceKeepAlive message to 1 inactive WebSockets.
[2024-08-18 18:39:14.196 +00:00] [INF] [26] Emby.Server.Implementations.Session.SessionWebSocketListener: Sending ForceKeepAlive message to 1 inactive WebSockets.
[2024-08-18 18:42:02.196 +00:00] [INF] [3] Emby.Server.Implementations.Session.SessionWebSocketListener: Sending ForceKeepAlive message to 1 inactive WebSockets.
[2024-08-18 18:44:50.196 +00:00] [INF] [17] Emby.Server.Implementations.Session.SessionWebSocketListener: Sending ForceKeepAlive message to 1 inactive WebSockets.
[2024-08-18 18:48:14.196 +00:00] [INF] [48] Emby.Server.Implementations.Session.SessionWebSocketListener: Sending ForceKeepAlive message to 1 inactive WebSockets.
[2024-08-18 18:51:02.196 +00:00] [INF] [48] Emby.Server.Implementations.Session.SessionWebSocketListener: Sending ForceKeepAlive message to 1 inactive WebSockets.
[2024-08-18 18:53:50.197 +00:00] [INF] [48] Emby.Server.Implementations.Session.SessionWebSocketListener: Sending ForceKeepAlive message to 1 inactive WebSockets.
[2024-08-18 18:57:14.196 +00:00] [INF] [64] Emby.Server.Implementations.Session.SessionWebSocketListener: Sending ForceKeepAlive message to 1 inactive WebSockets.
[2024-08-18 19:00:02.197 +00:00] [INF] [67] Emby.Server.Implementations.Session.SessionWebSocketListener: Sending ForceKeepAlive message to 1 inactive WebSockets.
[2024-08-18 19:02:50.197 +00:00] [INF] [80] Emby.Server.Implementations.Session.SessionWebSocketListener: Sending ForceKeepAlive message to 1 inactive WebSockets.
[2024-08-18 19:06:14.196 +00:00] [INF] [86] Emby.Server.Implementations.Session.SessionWebSocketListener: Sending ForceKeepAlive message to 1 inactive WebSockets.
[2024-08-18 19:09:02.196 +00:00] [INF] [80] Emby.Server.Implementations.Session.SessionWebSocketListener: Sending ForceKeepAlive message to 1 inactive WebSockets.
[2024-08-18 19:11:50.196 +00:00] [INF] [79] Emby.Server.Implementations.Session.SessionWebSocketListener: Sending ForceKeepAlive message to 1 inactive WebSockets.
[2024-08-18 19:15:14.196 +00:00] [INF] [70] Emby.Server.Implementations.Session.SessionWebSocketListener: Sending ForceKeepAlive message to 1 inactive WebSockets.
[2024-08-18 19:18:02.196 +00:00] [INF] [65] Emby.Server.Implementations.Session.SessionWebSocketListener: Sending ForceKeepAlive message to 1 inactive WebSockets.
[2024-08-18 19:20:50.196 +00:00] [INF] [57] Emby.Server.Implementations.Session.SessionWebSocketListener: Sending ForceKeepAlive message to 1 inactive WebSockets.
[2024-08-18 19:24:14.196 +00:00] [INF] [50] Emby.Server.Implementations.Session.SessionWebSocketListener: Sending ForceKeepAlive message to 1 inactive WebSockets.
[2024-08-18 19:25:39.591 +00:00] [INF] [47] Emby.Server.Implementations.ScheduledTasks.TaskManager: "Download missing subtitles" Completed after 0 minute(s) and 0 seconds
[2024-08-18 19:25:39.633 +00:00] [INF] [46] Emby.Server.Implementations.ScheduledTasks.TaskManager: "Clean Log Directory" Completed after 0 minute(s) and 0 seconds
[2024-08-18 19:25:39.633 +00:00] [INF] [44] Emby.Server.Implementations.ScheduledTasks.TaskManager: "Audio Normalization" Completed after 0 minute(s) and 0 seconds
[2024-08-18 19:25:39.634 +00:00] [INF] [41] Emby.Server.Implementations.ScheduledTasks.TaskManager: "Clean Cache Directory" Completed after 0 minute(s) and 0 seconds
[2024-08-18 19:25:39.733 +00:00] [INF] [44] Emby.Server.Implementations.ScheduledTasks.TaskManager: "Clean Transcode Directory" Completed after 0 minute(s) and 0 seconds
[2024-08-18 19:25:39.734 +00:00] [INF] [46] Emby.Server.Implementations.ScheduledTasks.Tasks.OptimizeDatabaseTask: Optimizing and vacuuming jellyfin.db...
[2024-08-18 19:25:39.766 +00:00] [INF] [44] Emby.Server.Implementations.IO.LibraryMonitor: Stopping directory watching for path "/media"
[2024-08-18 19:25:39.767 +00:00] [INF] [41] Emby.Server.Implementations.Library.LibraryManager: People validation complete
[2024-08-18 19:25:39.767 +00:00] [INF] [41] Emby.Server.Implementations.ScheduledTasks.TaskManager: "Refresh People" Completed after 0 minute(s) and 0 seconds
[2024-08-18 19:25:39.799 +00:00] [INF] [44] Emby.Server.Implementations.Library.LibraryManager: Validating media library
[2024-08-18 19:25:39.808 +00:00] [INF] [41] Emby.Server.Implementations.ScheduledTasks.TaskManager: "TasksRefreshChannels" Completed after 0 minute(s) and 0 seconds
[2024-08-18 19:25:39.863 +00:00] [WRN] [44] MediaBrowser.Controller.Entities.BaseItem: Library folder "/config/data/playlists" is inaccessible or empty, skipping
[2024-08-18 19:25:39.873 +00:00] [INF] [44] Jellyfin.Drawing.ImageProcessor: Creating image collage and saving to "/cache/temp/9e5e543151b147878bba61de6fa1683d.png"
[2024-08-18 19:25:39.883 +00:00] [INF] [46] Emby.Server.Implementations.ScheduledTasks.Tasks.OptimizeDatabaseTask: jellyfin.db optimized successfully!
[2024-08-18 19:25:39.883 +00:00] [INF] [46] Emby.Server.Implementations.ScheduledTasks.TaskManager: "Optimize database" Completed after 0 minute(s) and 0 seconds
[2024-08-18 19:25:40.265 +00:00] [INF] [44] Jellyfin.Drawing.ImageProcessor: Completed creation of image collage and saved to "/cache/temp/9e5e543151b147878bba61de6fa1683d.png"
[2024-08-18 19:25:40.288 +00:00] [WRN] [41] MediaBrowser.Controller.Entities.BaseItem: Library folder "/config/data/playlists" is inaccessible or empty, skipping
[2024-08-18 19:25:40.297 +00:00] [INF] [41] Emby.Server.Implementations.ScheduledTasks.TaskManager: "Scan Media Library" Completed after 0 minute(s) and 0 seconds
[2024-08-18 19:25:40.298 +00:00] [INF] [44] Emby.Server.Implementations.IO.LibraryMonitor: Watching directory "/media"
[2024-08-18 19:25:42.828 +00:00] [INF] [41] Jellyfin.LiveTv.Guide.GuideManager: Refreshing guide with 7 days of guide data
[2024-08-18 19:25:42.832 +00:00] [INF] [41] Emby.Server.Implementations.ScheduledTasks.TaskManager: "Refresh Guide" Completed after 0 minute(s) and 3 seconds
[2024-08-18 19:25:46.200 +00:00] [INF] [41] Emby.Server.Implementations.ScheduledTasks.TaskManager: "Update Plugins" Completed after 0 minute(s) and 6 seconds
[2024-08-18 19:27:02.196 +00:00] [INF] [43] Emby.Server.Implementations.Session.SessionWebSocketListener: Sending ForceKeepAlive message to 1 inactive WebSockets.
[2024-08-18 19:29:50.196 +00:00] [INF] [53] Emby.Server.Implementations.Session.SessionWebSocketListener: Sending ForceKeepAlive message to 1 inactive WebSockets.
[2024-08-18 19:33:14.195 +00:00] [INF] [59] Emby.Server.Implementations.Session.SessionWebSocketListener: Sending ForceKeepAlive message to 1 inactive WebSockets.
[2024-08-18 19:36:02.196 +00:00] [INF] [68] Emby.Server.Implementations.Session.SessionWebSocketListener: Sending ForceKeepAlive message to 1 inactive WebSockets.
[2024-08-18 19:38:50.196 +00:00] [INF] [72] Emby.Server.Implementations.Session.SessionWebSocketListener: Sending ForceKeepAlive message to 1 inactive WebSockets.
[2024-08-18 19:42:14.196 +00:00] [INF] [79] Emby.Server.Implementations.Session.SessionWebSocketListener: Sending ForceKeepAlive message to 1 inactive WebSockets.
[2024-08-18 19:45:02.197 +00:00] [INF] [33] Emby.Server.Implementations.Session.SessionWebSocketListener: Sending ForceKeepAlive message to 1 inactive WebSockets.
[2024-08-18 19:47:50.196 +00:00] [INF] [33] Emby.Server.Implementations.Session.SessionWebSocketListener: Sending ForceKeepAlive message to 1 inactive WebSockets.
[2024-08-18 19:51:14.195 +00:00] [INF] [39] Emby.Server.Implementations.Session.SessionWebSocketListener: Sending ForceKeepAlive message to 1 inactive WebSockets.
[2024-08-18 19:54:02.195 +00:00] [INF] [28] Emby.Server.Implementations.Session.SessionWebSocketListener: Sending ForceKeepAlive message to 1 inactive WebSockets.
[2024-08-18 19:56:50.195 +00:00] [INF] [11] Emby.Server.Implementations.Session.SessionWebSocketListener: Sending ForceKeepAlive message to 1 inactive WebSockets.
[2024-08-18 20:00:14.197 +00:00] [INF] [16] Emby.Server.Implementations.Session.SessionWebSocketListener: Sending ForceKeepAlive message to 1 inactive WebSockets.
[2024-08-18 20:03:02.196 +00:00] [INF] [20] Emby.Server.Implementations.Session.SessionWebSocketListener: Sending ForceKeepAlive message to 1 inactive WebSockets.
[2024-08-18 20:05:50.196 +00:00] [INF] [40] Emby.Server.Implementations.Session.SessionWebSocketListener: Sending ForceKeepAlive message to 1 inactive WebSockets.
[2024-08-18 20:09:14.197 +00:00] [INF] [3] Emby.Server.Implementations.Session.SessionWebSocketListener: Sending ForceKeepAlive message to 1 inactive WebSockets.
[2024-08-18 20:12:02.196 +00:00] [INF] [74] Emby.Server.Implementations.Session.SessionWebSocketListener: Sending ForceKeepAlive message to 1 inactive WebSockets.
[2024-08-18 20:14:50.195 +00:00] [INF] [71] Emby.Server.Implementations.Session.SessionWebSocketListener: Sending ForceKeepAlive message to 1 inactive WebSockets.
[2024-08-18 20:18:14.195 +00:00] [INF] [57] Emby.Server.Implementations.Session.SessionWebSocketListener: Sending ForceKeepAlive message to 1 inactive WebSockets.
[2024-08-18 20:21:02.196 +00:00] [INF] [51] Emby.Server.Implementations.Session.SessionWebSocketListener: Sending ForceKeepAlive message to 1 inactive WebSockets.
[2024-08-18 20:23:50.196 +00:00] [INF] [94] Emby.Server.Implementations.Session.SessionWebSocketListener: Sending ForceKeepAlive message to 1 inactive WebSockets.
[2024-08-18 20:25:43.768 +00:00] [INF] [92] Jellyfin.LiveTv.Guide.GuideManager: Refreshing guide with 7 days of guide data
[2024-08-18 20:25:43.769 +00:00] [INF] [92] Emby.Server.Implementations.ScheduledTasks.TaskManager: "Refresh Guide" Completed after 0 minute(s) and 3 seconds
[2024-08-18 20:27:14.195 +00:00] [INF] [100] Emby.Server.Implementations.Session.SessionWebSocketListener: Sending ForceKeepAlive message to 1 inactive WebSockets.
[2024-08-18 20:30:02.196 +00:00] [INF] [94] Emby.Server.Implementations.Session.SessionWebSocketListener: Sending ForceKeepAlive message to 1 inactive WebSockets.
[2024-08-18 20:32:50.197 +00:00] [INF] [51] Emby.Server.Implementations.Session.SessionWebSocketListener: Sending ForceKeepAlive message to 1 inactive WebSockets.
[2024-08-18 20:36:14.196 +00:00] [INF] [61] Emby.Server.Implementations.Session.SessionWebSocketListener: Sending ForceKeepAlive message to 1 inactive WebSockets.
[2024-08-18 20:39:02.195 +00:00] [INF] [69] Emby.Server.Implementations.Session.SessionWebSocketListener: Sending ForceKeepAlive message to 1 inactive WebSockets.
[2024-08-18 20:41:50.196 +00:00] [INF] [74] Emby.Server.Implementations.Session.SessionWebSocketListener: Sending ForceKeepAlive message to 1 inactive WebSockets.
[2024-08-18 20:45:14.195 +00:00] [INF] [84] Emby.Server.Implementations.Session.SessionWebSocketListener: Sending ForceKeepAlive message to 1 inactive WebSockets.
[2024-08-18 20:48:02.196 +00:00] [INF] [32] Emby.Server.Implementations.Session.SessionWebSocketListener: Sending ForceKeepAlive message to 1 inactive WebSockets.
[2024-08-18 20:50:50.196 +00:00] [INF] [19] Emby.Server.Implementations.Session.SessionWebSocketListener: Sending ForceKeepAlive message to 1 inactive WebSockets.
[2024-08-18 20:54:14.197 +00:00] [INF] [4] Emby.Server.Implementations.Session.SessionWebSocketListener: Sending ForceKeepAlive message to 1 inactive WebSockets.
[2024-08-18 20:57:02.196 +00:00] [INF] [4] Emby.Server.Implementations.Session.SessionWebSocketListener: Sending ForceKeepAlive message to 1 inactive WebSockets.
[2024-08-18 20:59:50.196 +00:00] [INF] [6] Emby.Server.Implementations.Session.SessionWebSocketListener: Sending ForceKeepAlive message to 1 inactive WebSockets.
[2024-08-18 21:03:14.196 +00:00] [INF] [20] Emby.Server.Implementations.Session.SessionWebSocketListener: Sending ForceKeepAlive message to 1 inactive WebSockets.
[2024-08-18 21:06:02.196 +00:00] [INF] [40] Emby.Server.Implementations.Session.SessionWebSocketListener: Sending ForceKeepAlive message to 1 inactive WebSockets.
[2024-08-18 21:08:50.196 +00:00] [INF] [81] Emby.Server.Implementations.Session.SessionWebSocketListener: Sending ForceKeepAlive message to 1 inactive WebSockets.
[2024-08-18 21:12:14.196 +00:00] [INF] [77] Emby.Server.Implementations.Session.SessionWebSocketListener: Sending ForceKeepAlive message to 1 inactive WebSockets.
[2024-08-18 21:15:02.196 +00:00] [INF] [76] Emby.Server.Implementations.Session.SessionWebSocketListener: Sending ForceKeepAlive message to 1 inactive WebSockets.
[2024-08-18 21:17:50.196 +00:00] [INF] [65] Emby.Server.Implementations.Session.SessionWebSocketListener: Sending ForceKeepAlive message to 1 inactive WebSockets.
[2024-08-18 21:21:14.196 +00:00] [INF] [56] Emby.Server.Implementations.Session.SessionWebSocketListener: Sending ForceKeepAlive message to 1 inactive WebSockets.
[2024-08-18 21:24:02.196 +00:00] [INF] [53] Emby.Server.Implementations.Session.SessionWebSocketListener: Sending ForceKeepAlive message to 1 inactive WebSockets.
[2024-08-18 21:26:50.196 +00:00] [INF] [95] Emby.Server.Implementations.Session.SessionWebSocketListener: Sending ForceKeepAlive message to 1 inactive WebSockets.
[2024-08-18 21:30:14.195 +00:00] [INF] [31] Emby.Server.Implementations.Session.SessionWebSocketListener: Sending ForceKeepAlive message to 1 inactive WebSockets.
[2024-08-18 21:33:02.197 +00:00] [INF] [95] Emby.Server.Implementations.Session.SessionWebSocketListener: Sending ForceKeepAlive message to 1 inactive WebSockets.
[2024-08-18 21:35:50.196 +00:00] [INF] [56] Emby.Server.Implementations.Session.SessionWebSocketListener: Sending ForceKeepAlive message to 1 inactive WebSockets.
[2024-08-18 21:39:14.196 +00:00] [INF] [60] Emby.Server.Implementations.Session.SessionWebSocketListener: Sending ForceKeepAlive message to 1 inactive WebSockets.
[2024-08-18 21:42:02.196 +00:00] [INF] [67] Emby.Server.Implementations.Session.SessionWebSocketListener: Sending ForceKeepAlive message to 1 inactive WebSockets.
[2024-08-18 21:44:50.677 +00:00] [INF] [74] Emby.Server.Implementations.Session.SessionWebSocketListener: Sending ForceKeepAlive message to 1 inactive WebSockets.
[2024-08-18 21:48:14.678 +00:00] [INF] [82] Emby.Server.Implementations.Session.SessionWebSocketListener: Sending ForceKeepAlive message to 1 inactive WebSockets.
[2024-08-18 21:51:02.678 +00:00] [INF] [83] Emby.Server.Implementations.Session.SessionWebSocketListener: Sending ForceKeepAlive message to 1 inactive WebSockets.
[2024-08-18 21:53:50.678 +00:00] [INF] [42] Emby.Server.Implementations.Session.SessionWebSocketListener: Sending ForceKeepAlive message to 1 inactive WebSockets.
[2024-08-18 21:57:14.677 +00:00] [INF] [3] Emby.Server.Implementations.Session.SessionWebSocketListener: Sending ForceKeepAlive message to 1 inactive WebSockets.
[2024-08-18 22:00:02.678 +00:00] [INF] [27] Emby.Server.Implementations.Session.SessionWebSocketListener: Sending ForceKeepAlive message to 1 inactive WebSockets.
[2024-08-18 22:02:50.678 +00:00] [INF] [16] Emby.Server.Implementations.Session.SessionWebSocketListener: Sending ForceKeepAlive message to 1 inactive WebSockets.
[2024-08-18 22:06:14.678 +00:00] [INF] [4] Emby.Server.Implementations.Session.SessionWebSocketListener: Sending ForceKeepAlive message to 1 inactive WebSockets.
[2024-08-18 22:09:02.677 +00:00] [INF] [28] Emby.Server.Implementations.Session.SessionWebSocketListener: Sending ForceKeepAlive message to 1 inactive WebSockets.
[2024-08-18 22:11:50.678 +00:00] [INF] [20] Emby.Server.Implementations.Session.SessionWebSocketListener: Sending ForceKeepAlive message to 1 inactive WebSockets.
[2024-08-18 22:15:14.677 +00:00] [INF] [40] Emby.Server.Implementations.Session.SessionWebSocketListener: Sending ForceKeepAlive message to 1 inactive WebSockets.
[2024-08-18 22:18:02.678 +00:00] [INF] [81] Emby.Server.Implementations.Session.SessionWebSocketListener: Sending ForceKeepAlive message to 1 inactive WebSockets.
[2024-08-18 22:20:50.677 +00:00] [INF] [80] Emby.Server.Implementations.Session.SessionWebSocketListener: Sending ForceKeepAlive message to 1 inactive WebSockets.
[2024-08-18 22:24:14.678 +00:00] [INF] [72] Emby.Server.Implementations.Session.SessionWebSocketListener: Sending ForceKeepAlive message to 1 inactive WebSockets.
[2024-08-18 22:27:02.678 +00:00] [INF] [67] Emby.Server.Implementations.Session.SessionWebSocketListener: Sending ForceKeepAlive message to 1 inactive WebSockets.
[2024-08-18 22:29:50.678 +00:00] [INF] [63] Emby.Server.Implementations.Session.SessionWebSocketListener: Sending ForceKeepAlive message to 1 inactive WebSockets.
[2024-08-18 22:33:14.677 +00:00] [INF] [56] Emby.Server.Implementations.Session.SessionWebSocketListener: Sending ForceKeepAlive message to 1 inactive WebSockets.
[2024-08-18 22:36:02.677 +00:00] [INF] [91] Emby.Server.Implementations.Session.SessionWebSocketListener: Sending ForceKeepAlive message to 1 inactive WebSockets.
[2024-08-18 22:38:50.677 +00:00] [INF] [94] Emby.Server.Implementations.Session.SessionWebSocketListener: Sending ForceKeepAlive message to 1 inactive WebSockets.
[2024-08-18 22:42:14.678 +00:00] [INF] [90] Emby.Server.Implementations.Session.SessionWebSocketListener: Sending ForceKeepAlive message to 1 inactive WebSockets.
[2024-08-18 22:45:02.678 +00:00] [INF] [49] Emby.Server.Implementations.Session.SessionWebSocketListener: Sending ForceKeepAlive message to 1 inactive WebSockets.
[2024-08-18 22:47:50.677 +00:00] [INF] [53] Emby.Server.Implementations.Session.SessionWebSocketListener: Sending ForceKeepAlive message to 1 inactive WebSockets.
[2024-08-18 22:51:14.677 +00:00] [INF] [52] Emby.Server.Implementations.Session.SessionWebSocketListener: Sending ForceKeepAlive message to 1 inactive WebSockets.
[2024-08-18 22:54:02.677 +00:00] [INF] [66] Emby.Server.Implementations.Session.SessionWebSocketListener: Sending ForceKeepAlive message to 1 inactive WebSockets.
[2024-08-18 22:56:50.678 +00:00] [INF] [68] Emby.Server.Implementations.Session.SessionWebSocketListener: Sending ForceKeepAlive message to 1 inactive WebSockets.
[2024-08-18 23:00:14.677 +00:00] [INF] [79] Emby.Server.Implementations.Session.SessionWebSocketListener: Sending ForceKeepAlive message to 1 inactive WebSockets.
[2024-08-18 23:03:02.677 +00:00] [INF] [34] Emby.Server.Implementations.Session.SessionWebSocketListener: Sending ForceKeepAlive message to 1 inactive WebSockets.
[2024-08-18 23:05:50.678 +00:00] [INF] [39] Emby.Server.Implementations.Session.SessionWebSocketListener: Sending ForceKeepAlive message to 1 inactive WebSockets.
[2024-08-18 23:09:14.678 +00:00] [INF] [39] Emby.Server.Implementations.Session.SessionWebSocketListener: Sending ForceKeepAlive message to 1 inactive WebSockets.
[2024-08-18 23:12:02.677 +00:00] [INF] [6] Emby.Server.Implementations.Session.SessionWebSocketListener: Sending ForceKeepAlive message to 1 inactive WebSockets.
[2024-08-18 23:14:50.678 +00:00] [INF] [87] Emby.Server.Implementations.Session.SessionWebSocketListener: Sending ForceKeepAlive message to 1 inactive WebSockets.
[2024-08-18 23:18:14.678 +00:00] [INF] [35] Emby.Server.Implementations.Session.SessionWebSocketListener: Sending ForceKeepAlive message to 1 inactive WebSockets.
[2024-08-18 23:21:02.677 +00:00] [INF] [38] Emby.Server.Implementations.Session.SessionWebSocketListener: Sending ForceKeepAlive message to 1 inactive WebSockets.
[2024-08-18 23:23:50.678 +00:00] [INF] [39] Emby.Server.Implementations.Session.SessionWebSocketListener: Sending ForceKeepAlive message to 1 inactive WebSockets.
[2024-08-18 23:27:14.677 +00:00] [INF] [85] Emby.Server.Implementations.Session.SessionWebSocketListener: Sending ForceKeepAlive message to 1 inactive WebSockets.
[2024-08-18 23:30:02.677 +00:00] [INF] [83] Emby.Server.Implementations.Session.SessionWebSocketListener: Sending ForceKeepAlive message to 1 inactive WebSockets.
[2024-08-18 23:32:50.678 +00:00] [INF] [75] Emby.Server.Implementations.Session.SessionWebSocketListener: Sending ForceKeepAlive message to 1 inactive WebSockets.
[2024-08-18 23:36:14.677 +00:00] [INF] [67] Emby.Server.Implementations.Session.SessionWebSocketListener: Sending ForceKeepAlive message to 1 inactive WebSockets.
[2024-08-18 23:39:02.677 +00:00] [INF] [61] Emby.Server.Implementations.Session.SessionWebSocketListener: Sending ForceKeepAlive message to 1 inactive WebSockets.
[2024-08-18 23:41:50.678 +00:00] [INF] [55] Emby.Server.Implementations.Session.SessionWebSocketListener: Sending ForceKeepAlive message to 1 inactive WebSockets.
[2024-08-18 23:45:14.678 +00:00] [INF] [61] Emby.Server.Implementations.Session.SessionWebSocketListener: Sending ForceKeepAlive message to 1 inactive WebSockets.
[2024-08-18 23:48:02.677 +00:00] [INF] [16] Emby.Server.Implementations.Session.SessionWebSocketListener: Sending ForceKeepAlive message to 1 inactive WebSockets.
[2024-08-18 23:50:50.677 +00:00] [INF] [93] Emby.Server.Implementations.Session.SessionWebSocketListener: Sending ForceKeepAlive message to 1 inactive WebSockets.
[2024-08-18 23:54:14.677 +00:00] [INF] [89] Emby.Server.Implementations.Session.SessionWebSocketListener: Sending ForceKeepAlive message to 1 inactive WebSockets.
[2024-08-18 23:57:02.678 +00:00] [INF] [59] Emby.Server.Implementations.Session.SessionWebSocketListener: Sending ForceKeepAlive message to 1 inactive WebSockets.
[2024-08-18 23:59:50.678 +00:00] [INF] [66] Emby.Server.Implementations.Session.SessionWebSocketListener: Sending ForceKeepAlive message to 1 inactive WebSockets.
